*** Starting uWSGI 2.0.20 (64bit) on [Tue Mar 15 16:14:10 2022] ***
compiled with version: 9.4.0 on 14 March 2022 18:33:10
os: Linux-5.13.0-35-generic #40~20.04.1-Ubuntu SMP Mon Mar 7 09:18:32 UTC 2022
nodename: ubuntuserver
machine: x86_64
clock source: unix
detected number of CPU cores: 1
current working directory: /home/ubuntu/env/md/vassals
detected binary path: /home/ubuntu/env/md/bin/uwsgi
!!! no internal routing support, rebuild with pcre support !!!
chdir() to /home/ubuntu/app/
your processes number limit is 23051
your memory page size is 4096 bytes
detected max file descriptor number: 1024
lock engine: pthread robust mutexes
thunder lock: disabled (you can enable it with --thunder-lock)
uwsgi socket 0 inherited UNIX address /home/ubuntu/app/app.sock fd 7
Python version: 3.8.10 (default, Nov 26 2021, 20:14:08)  [GCC 9.3.0]
PEP 405 virtualenv detected: /home/ubuntu/env/md
Set PythonHome to /home/ubuntu/env/md
*** Python threads support is disabled. You can enable it with --enable-threads ***
Python main interpreter initialized at 0x562ad045c8b0
your server socket listen backlog is limited to 100 connections
your mercy for graceful operations on workers is 60 seconds
mapped 801944 bytes (783 KB) for 10 cores
*** Operational MODE: preforking ***
WSGI app 0 (mountpoint='') ready in 0 seconds on interpreter 0x562ad045c8b0 pid: 634 (default app)
*** uWSGI is running in multiple interpreter mode ***
gracefully (RE)spawned uWSGI master process (pid: 634)
spawned uWSGI worker 1 (pid: 3311, cores: 1)
spawned uWSGI worker 2 (pid: 3312, cores: 1)
spawned uWSGI worker 3 (pid: 3313, cores: 1)
spawned uWSGI worker 4 (pid: 3314, cores: 1)
spawned uWSGI worker 5 (pid: 3315, cores: 1)
spawned uWSGI worker 6 (pid: 3316, cores: 1)
spawned uWSGI worker 7 (pid: 3317, cores: 1)
spawned uWSGI worker 8 (pid: 3318, cores: 1)
spawned uWSGI worker 9 (pid: 3319, cores: 1)
spawned uWSGI worker 10 (pid: 3320, cores: 1)
Tue Mar 15 16:14:10 2022 - received message 0 from emperor
SIGINT/SIGTERM received...killing workers...
Traceback (most recent call last):
  File "/usr/lib/python3.8/random.py", line 123, in seed
Traceback (most recent call last):
  File "/usr/lib/python3.8/random.py", line 123, in seed
    def seed(self, a=None, version=2):
KeyboardInterrupt
Traceback (most recent call last):
  File "/usr/lib/python3.8/random.py", line 123, in seed
    def seed(self, a=None, version=2):
KeyboardInterrupt
Traceback (most recent call last):
  File "/usr/lib/python3.8/random.py", line 123, in seed
Traceback (most recent call last):
  File "/usr/lib/python3.8/random.py", line 123, in seed
    def seed(self, a=None, version=2):
KeyboardInterrupt
Traceback (most recent call last):
  File "/usr/lib/python3.8/random.py", line 123, in seed
    def seed(self, a=None, version=2):
KeyboardInterrupt
    def seed(self, a=None, version=2):
KeyboardInterrupt
Traceback (most recent call last):
  File "/usr/lib/python3.8/random.py", line 123, in seed
    def seed(self, a=None, version=2):
KeyboardInterrupt
    def seed(self, a=None, version=2):
KeyboardInterrupt
Traceback (most recent call last):
  File "/usr/lib/python3.8/random.py", line 123, in seed
    def seed(self, a=None, version=2):
KeyboardInterrupt
Traceback (most recent call last):
  File "/usr/lib/python3.8/random.py", line 123, in seed
    def seed(self, a=None, version=2):
KeyboardInterrupt
Traceback (most recent call last):
  File "/usr/lib/python3.8/random.py", line 123, in seed
    def seed(self, a=None, version=2):
KeyboardInterrupt
...brutally killing workers...
worker 1 buried after 1 seconds
worker 2 buried after 1 seconds
worker 3 buried after 1 seconds
worker 4 buried after 1 seconds
worker 5 buried after 1 seconds
worker 6 buried after 1 seconds
worker 7 buried after 1 seconds
worker 8 buried after 1 seconds
worker 9 buried after 1 seconds
worker 10 buried after 1 seconds
goodbye to uWSGI.
VACUUM WARNING: unix socket /home/ubuntu/app/app.sock changed inode. Skip removal
*** Starting uWSGI 2.0.20 (64bit) on [Tue Mar 15 17:14:28 2022] ***
compiled with version: 9.4.0 on 14 March 2022 18:33:10
os: Linux-5.13.0-35-generic #40~20.04.1-Ubuntu SMP Mon Mar 7 09:18:32 UTC 2022
nodename: ubuntuserver
machine: x86_64
clock source: unix
detected number of CPU cores: 1
current working directory: /home/ubuntu/env/md/vassals
detected binary path: /home/ubuntu/env/md/bin/uwsgi
!!! no internal routing support, rebuild with pcre support !!!
chdir() to /home/ubuntu/app/
your processes number limit is 23051
your memory page size is 4096 bytes
detected max file descriptor number: 1024
lock engine: pthread robust mutexes
thunder lock: disabled (you can enable it with --thunder-lock)
uwsgi socket 0 bound to UNIX address /home/ubuntu/app/app.sock fd 7
Python version: 3.8.10 (default, Nov 26 2021, 20:14:08)  [GCC 9.3.0]
PEP 405 virtualenv detected: /home/ubuntu/env/md
Set PythonHome to /home/ubuntu/env/md
*** Python threads support is disabled. You can enable it with --enable-threads ***
Python main interpreter initialized at 0x558c769f3fa0
your server socket listen backlog is limited to 100 connections
your mercy for graceful operations on workers is 60 seconds
mapped 801944 bytes (783 KB) for 10 cores
*** Operational MODE: preforking ***
WSGI app 0 (mountpoint='') ready in 0 seconds on interpreter 0x558c769f3fa0 pid: 3330 (default app)
*** uWSGI is running in multiple interpreter mode ***
spawned uWSGI master process (pid: 3330)
spawned uWSGI worker 1 (pid: 3333, cores: 1)
spawned uWSGI worker 2 (pid: 3334, cores: 1)
spawned uWSGI worker 3 (pid: 3335, cores: 1)
spawned uWSGI worker 4 (pid: 3336, cores: 1)
spawned uWSGI worker 5 (pid: 3337, cores: 1)
spawned uWSGI worker 6 (pid: 3338, cores: 1)
spawned uWSGI worker 7 (pid: 3339, cores: 1)
spawned uWSGI worker 8 (pid: 3340, cores: 1)
spawned uWSGI worker 9 (pid: 3341, cores: 1)
spawned uWSGI worker 10 (pid: 3342, cores: 1)
15/Mar/2022:16:21:25 +0000 (HTTP/1.1 200) GET / from 192.168.1.100 in 0.010203s @worker_id=1
announcing my loyalty to the Emperor...
15/Mar/2022:16:21:26 +0000 (HTTP/1.1 200) GET / from 192.168.1.100 in 0.009952s @worker_id=10
announcing my loyalty to the Emperor...
15/Mar/2022:16:21:27 +0000 (HTTP/1.1 200) GET / from 192.168.1.100 in 0.001534s @worker_id=1
Tue Mar 15 16:37:01 2022 - received message 0 from emperor
SIGINT/SIGTERM received...killing workers...
...brutally killing workers...
worker 1 buried after 1 seconds
worker 2 buried after 1 seconds
worker 3 buried after 1 seconds
worker 4 buried after 1 seconds
worker 5 buried after 1 seconds
worker 6 buried after 1 seconds
worker 7 buried after 1 seconds
worker 8 buried after 1 seconds
worker 9 buried after 1 seconds
worker 10 buried after 1 seconds
goodbye to uWSGI.
VACUUM: unix socket /home/ubuntu/app/app.sock removed.
*** Starting uWSGI 2.0.20 (64bit) on [Tue Mar 15 17:37:05 2022] ***
compiled with version: 9.4.0 on 14 March 2022 18:33:10
os: Linux-5.13.0-35-generic #40~20.04.1-Ubuntu SMP Mon Mar 7 09:18:32 UTC 2022
nodename: ubuntuserver
machine: x86_64
clock source: unix
detected number of CPU cores: 1
current working directory: /home/ubuntu/env/md/vassals
detected binary path: /home/ubuntu/env/md/bin/uwsgi
!!! no internal routing support, rebuild with pcre support !!!
chdir() to /home/ubuntu/app/
your processes number limit is 23051
your memory page size is 4096 bytes
detected max file descriptor number: 1024
lock engine: pthread robust mutexes
thunder lock: disabled (you can enable it with --thunder-lock)
uwsgi socket 0 bound to UNIX address /home/ubuntu/app/app.sock fd 7
Python version: 3.8.10 (default, Nov 26 2021, 20:14:08)  [GCC 9.3.0]
PEP 405 virtualenv detected: /home/ubuntu/env/md
Set PythonHome to /home/ubuntu/env/md
*** Python threads support is disabled. You can enable it with --enable-threads ***
Python main interpreter initialized at 0x563ca89defa0
your server socket listen backlog is limited to 100 connections
your mercy for graceful operations on workers is 60 seconds
mapped 801944 bytes (783 KB) for 10 cores
*** Operational MODE: preforking ***
WSGI app 0 (mountpoint='') ready in 0 seconds on interpreter 0x563ca89defa0 pid: 12636 (default app)
*** uWSGI is running in multiple interpreter mode ***
spawned uWSGI master process (pid: 12636)
spawned uWSGI worker 1 (pid: 12638, cores: 1)
spawned uWSGI worker 2 (pid: 12639, cores: 1)
spawned uWSGI worker 3 (pid: 12640, cores: 1)
spawned uWSGI worker 4 (pid: 12641, cores: 1)
spawned uWSGI worker 5 (pid: 12642, cores: 1)
spawned uWSGI worker 6 (pid: 12643, cores: 1)
spawned uWSGI worker 7 (pid: 12644, cores: 1)
spawned uWSGI worker 8 (pid: 12645, cores: 1)
spawned uWSGI worker 9 (pid: 12646, cores: 1)
spawned uWSGI worker 10 (pid: 12647, cores: 1)
Tue Mar 15 16:37:54 2022 - received message 0 from emperor
SIGINT/SIGTERM received...killing workers...
...brutally killing workers...
worker 2 buried after 0 seconds
worker 1 buried after 1 seconds
worker 3 buried after 1 seconds
worker 4 buried after 1 seconds
worker 5 buried after 1 seconds
worker 6 buried after 1 seconds
worker 7 buried after 1 seconds
worker 8 buried after 1 seconds
worker 9 buried after 1 seconds
worker 10 buried after 1 seconds
goodbye to uWSGI.
VACUUM: unix socket /home/ubuntu/app/app.sock removed.
*** Starting uWSGI 2.0.20 (64bit) on [Tue Mar 15 17:37:57 2022] ***
compiled with version: 9.4.0 on 14 March 2022 18:33:10
os: Linux-5.13.0-35-generic #40~20.04.1-Ubuntu SMP Mon Mar 7 09:18:32 UTC 2022
nodename: ubuntuserver
machine: x86_64
clock source: unix
detected number of CPU cores: 1
current working directory: /home/ubuntu/env/md/vassals
detected binary path: /home/ubuntu/env/md/bin/uwsgi
!!! no internal routing support, rebuild with pcre support !!!
chdir() to /home/ubuntu/app/
your processes number limit is 23051
your memory page size is 4096 bytes
detected max file descriptor number: 1024
lock engine: pthread robust mutexes
thunder lock: disabled (you can enable it with --thunder-lock)
uwsgi socket 0 bound to UNIX address /home/ubuntu/app/app.sock fd 7
Python version: 3.8.10 (default, Nov 26 2021, 20:14:08)  [GCC 9.3.0]
PEP 405 virtualenv detected: /home/ubuntu/env/md
Set PythonHome to /home/ubuntu/env/md
*** Python threads support is disabled. You can enable it with --enable-threads ***
Python main interpreter initialized at 0x55f9463a6fa0
your server socket listen backlog is limited to 100 connections
your mercy for graceful operations on workers is 60 seconds
mapped 801944 bytes (783 KB) for 10 cores
*** Operational MODE: preforking ***
WSGI app 0 (mountpoint='') ready in 0 seconds on interpreter 0x55f9463a6fa0 pid: 12675 (default app)
*** uWSGI is running in multiple interpreter mode ***
spawned uWSGI master process (pid: 12675)
spawned uWSGI worker 1 (pid: 12677, cores: 1)
spawned uWSGI worker 2 (pid: 12678, cores: 1)
spawned uWSGI worker 3 (pid: 12679, cores: 1)
spawned uWSGI worker 4 (pid: 12680, cores: 1)
spawned uWSGI worker 5 (pid: 12681, cores: 1)
spawned uWSGI worker 6 (pid: 12682, cores: 1)
spawned uWSGI worker 7 (pid: 12683, cores: 1)
spawned uWSGI worker 8 (pid: 12684, cores: 1)
spawned uWSGI worker 9 (pid: 12685, cores: 1)
spawned uWSGI worker 10 (pid: 12686, cores: 1)
Tue Mar 15 16:38:34 2022 - received message 0 from emperor
SIGINT/SIGTERM received...killing workers...
...brutally killing workers...
worker 2 buried after 0 seconds
worker 4 buried after 0 seconds
worker 1 buried after 1 seconds
worker 3 buried after 1 seconds
worker 5 buried after 1 seconds
worker 6 buried after 1 seconds
worker 7 buried after 1 seconds
worker 8 buried after 1 seconds
worker 9 buried after 1 seconds
worker 10 buried after 1 seconds
goodbye to uWSGI.
VACUUM: unix socket /home/ubuntu/app/app.sock removed.
*** Starting uWSGI 2.0.20 (64bit) on [Tue Mar 15 17:38:38 2022] ***
compiled with version: 9.4.0 on 14 March 2022 18:33:10
os: Linux-5.13.0-35-generic #40~20.04.1-Ubuntu SMP Mon Mar 7 09:18:32 UTC 2022
nodename: ubuntuserver
machine: x86_64
clock source: unix
detected number of CPU cores: 1
current working directory: /home/ubuntu/env/md/vassals
detected binary path: /home/ubuntu/env/md/bin/uwsgi
!!! no internal routing support, rebuild with pcre support !!!
chdir() to /home/ubuntu/app/
your processes number limit is 23051
your memory page size is 4096 bytes
detected max file descriptor number: 1024
lock engine: pthread robust mutexes
thunder lock: disabled (you can enable it with --thunder-lock)
uwsgi socket 0 bound to UNIX address /home/ubuntu/app/app.sock fd 7
Python version: 3.8.10 (default, Nov 26 2021, 20:14:08)  [GCC 9.3.0]
PEP 405 virtualenv detected: /home/ubuntu/env/md
Set PythonHome to /home/ubuntu/env/md
*** Python threads support is disabled. You can enable it with --enable-threads ***
Python main interpreter initialized at 0x5594c07b6fa0
your server socket listen backlog is limited to 100 connections
your mercy for graceful operations on workers is 60 seconds
mapped 801944 bytes (783 KB) for 10 cores
*** Operational MODE: preforking ***
WSGI app 0 (mountpoint='') ready in 0 seconds on interpreter 0x5594c07b6fa0 pid: 12707 (default app)
*** uWSGI is running in multiple interpreter mode ***
spawned uWSGI master process (pid: 12707)
spawned uWSGI worker 1 (pid: 12709, cores: 1)
spawned uWSGI worker 2 (pid: 12710, cores: 1)
spawned uWSGI worker 3 (pid: 12711, cores: 1)
spawned uWSGI worker 4 (pid: 12712, cores: 1)
spawned uWSGI worker 5 (pid: 12713, cores: 1)
spawned uWSGI worker 6 (pid: 12714, cores: 1)
spawned uWSGI worker 7 (pid: 12715, cores: 1)
spawned uWSGI worker 8 (pid: 12716, cores: 1)
spawned uWSGI worker 9 (pid: 12717, cores: 1)
spawned uWSGI worker 10 (pid: 12718, cores: 1)
15/Mar/2022:16:39:07 +0000 (HTTP/1.1 301) GET /admin from 192.168.1.100 in 0.007245s @worker_id=4
announcing my loyalty to the Emperor...
15/Mar/2022:16:39:07 +0000 (HTTP/1.1 302) GET /admin/ from 192.168.1.100 in 0.020311s @worker_id=10
announcing my loyalty to the Emperor...
15/Mar/2022:16:39:07 +0000 (HTTP/1.1 200) GET /admin/login/?next=/admin/ from 192.168.1.100 in 0.091239s @worker_id=1
announcing my loyalty to the Emperor...
15/Mar/2022:16:39:17 +0000 (HTTP/1.1 200) POST /admin/login/?next=/admin/ from 192.168.1.100 in 0.177059s @worker_id=10
15/Mar/2022:16:42:42 +0000 (HTTP/1.1 302) POST /admin/login/?next=/admin/ from 192.168.1.100 in 0.152937s @worker_id=10
15/Mar/2022:16:42:42 +0000 (HTTP/1.1 200) GET /admin/ from 192.168.1.100 in 0.032703s @worker_id=1
15/Mar/2022:16:42:49 +0000 (HTTP/1.1 200) GET /admin/auth/group/add/ from 192.168.1.100 in 0.043025s @worker_id=10
15/Mar/2022:16:42:49 +0000 (HTTP/1.1 200) GET /admin/jsi18n/ from 192.168.1.100 in 0.051698s @worker_id=9
announcing my loyalty to the Emperor...
15/Mar/2022:16:42:57 +0000 (HTTP/1.1 302) POST /admin/auth/group/add/ from 192.168.1.100 in 0.015564s @worker_id=10
15/Mar/2022:16:42:57 +0000 (HTTP/1.1 200) GET /admin/auth/group/ from 192.168.1.100 in 0.050586s @worker_id=1
15/Mar/2022:16:42:57 +0000 (HTTP/1.1 200) GET /admin/jsi18n/ from 192.168.1.100 in 0.014690s @worker_id=10
15/Mar/2022:16:43:12 +0000 (HTTP/1.1 200) POST /admin/auth/group/ from 192.168.1.100 in 0.048868s @worker_id=9
15/Mar/2022:16:43:13 +0000 (HTTP/1.1 302) POST /admin/auth/group/ from 192.168.1.100 in 0.017159s @worker_id=10
15/Mar/2022:16:43:13 +0000 (HTTP/1.1 200) GET /admin/auth/group/ from 192.168.1.100 in 0.035204s @worker_id=1
15/Mar/2022:16:43:13 +0000 (HTTP/1.1 200) GET /admin/jsi18n/ from 192.168.1.100 in 0.013992s @worker_id=10
Tue Mar 15 17:37:21 2022 - received message 1 from emperor
...gracefully killing workers...
Gracefully killing worker 1 (pid: 12709)...
Gracefully killing worker 2 (pid: 12710)...
Gracefully killing worker 3 (pid: 12711)...
Gracefully killing worker 4 (pid: 12712)...
Gracefully killing worker 5 (pid: 12713)...
Gracefully killing worker 6 (pid: 12714)...
Gracefully killing worker 7 (pid: 12715)...
Gracefully killing worker 8 (pid: 12716)...
Gracefully killing worker 9 (pid: 12717)...
Gracefully killing worker 10 (pid: 12718)...
*** Starting uWSGI 2.0.20 (64bit) on [Tue Mar 15 17:37:22 2022] ***
compiled with version: 9.4.0 on 14 March 2022 18:33:10
os: Linux-5.13.0-35-generic #40~20.04.1-Ubuntu SMP Mon Mar 7 09:18:32 UTC 2022
nodename: ubuntuserver
machine: x86_64
clock source: unix
detected number of CPU cores: 1
current working directory: /home/ubuntu/env/md/vassals
detected binary path: /home/ubuntu/env/md/bin/uwsgi
!!! no internal routing support, rebuild with pcre support !!!
chdir() to /home/ubuntu/app/
your processes number limit is 23051
your memory page size is 4096 bytes
detected max file descriptor number: 1024
lock engine: pthread robust mutexes
thunder lock: disabled (you can enable it with --thunder-lock)
uwsgi socket 0 inherited UNIX address /home/ubuntu/app/app.sock fd 7
Python version: 3.8.10 (default, Nov 26 2021, 20:14:08)  [GCC 9.3.0]
PEP 405 virtualenv detected: /home/ubuntu/env/md
Set PythonHome to /home/ubuntu/env/md
*** Python threads support is disabled. You can enable it with --enable-threads ***
Python main interpreter initialized at 0x5605b1c155d0
your server socket listen backlog is limited to 100 connections
your mercy for graceful operations on workers is 60 seconds
mapped 801944 bytes (783 KB) for 10 cores
*** Operational MODE: preforking ***
WSGI app 0 (mountpoint='') ready in 1 seconds on interpreter 0x5605b1c155d0 pid: 12707 (default app)
*** uWSGI is running in multiple interpreter mode ***
gracefully (RE)spawned uWSGI master process (pid: 12707)
spawned uWSGI worker 1 (pid: 27040, cores: 1)
spawned uWSGI worker 2 (pid: 27041, cores: 1)
spawned uWSGI worker 3 (pid: 27042, cores: 1)
spawned uWSGI worker 4 (pid: 27043, cores: 1)
spawned uWSGI worker 5 (pid: 27044, cores: 1)
spawned uWSGI worker 6 (pid: 27045, cores: 1)
spawned uWSGI worker 7 (pid: 27046, cores: 1)
spawned uWSGI worker 8 (pid: 27047, cores: 1)
spawned uWSGI worker 9 (pid: 27048, cores: 1)
spawned uWSGI worker 10 (pid: 27049, cores: 1)
Tue Mar 15 17:40:08 2022 - received message 1 from emperor
...gracefully killing workers...
Gracefully killing worker 1 (pid: 27040)...
Gracefully killing worker 2 (pid: 27041)...
Gracefully killing worker 3 (pid: 27042)...
Gracefully killing worker 4 (pid: 27043)...
Gracefully killing worker 5 (pid: 27044)...
Gracefully killing worker 6 (pid: 27045)...
Gracefully killing worker 7 (pid: 27046)...
Gracefully killing worker 8 (pid: 27047)...
Gracefully killing worker 9 (pid: 27048)...
Gracefully killing worker 10 (pid: 27049)...
*** Starting uWSGI 2.0.20 (64bit) on [Tue Mar 15 17:40:09 2022] ***
compiled with version: 9.4.0 on 14 March 2022 18:33:10
os: Linux-5.13.0-35-generic #40~20.04.1-Ubuntu SMP Mon Mar 7 09:18:32 UTC 2022
nodename: ubuntuserver
machine: x86_64
clock source: unix
detected number of CPU cores: 1
current working directory: /home/ubuntu/env/md/vassals
detected binary path: /home/ubuntu/env/md/bin/uwsgi
!!! no internal routing support, rebuild with pcre support !!!
chdir() to /home/ubuntu/app/
your processes number limit is 23051
your memory page size is 4096 bytes
detected max file descriptor number: 1024
lock engine: pthread robust mutexes
thunder lock: disabled (you can enable it with --thunder-lock)
uwsgi socket 0 inherited UNIX address /home/ubuntu/app/app.sock fd 7
Python version: 3.8.10 (default, Nov 26 2021, 20:14:08)  [GCC 9.3.0]
PEP 405 virtualenv detected: /home/ubuntu/env/md
Set PythonHome to /home/ubuntu/env/md
*** Python threads support is disabled. You can enable it with --enable-threads ***
Python main interpreter initialized at 0x55ef2dd2c5d0
your server socket listen backlog is limited to 100 connections
your mercy for graceful operations on workers is 60 seconds
mapped 801944 bytes (783 KB) for 10 cores
*** Operational MODE: preforking ***
WSGI app 0 (mountpoint='') ready in 0 seconds on interpreter 0x55ef2dd2c5d0 pid: 12707 (default app)
*** uWSGI is running in multiple interpreter mode ***
gracefully (RE)spawned uWSGI master process (pid: 12707)
spawned uWSGI worker 1 (pid: 27091, cores: 1)
spawned uWSGI worker 2 (pid: 27092, cores: 1)
spawned uWSGI worker 3 (pid: 27093, cores: 1)
spawned uWSGI worker 4 (pid: 27094, cores: 1)
spawned uWSGI worker 5 (pid: 27095, cores: 1)
spawned uWSGI worker 6 (pid: 27096, cores: 1)
spawned uWSGI worker 7 (pid: 27097, cores: 1)
spawned uWSGI worker 8 (pid: 27098, cores: 1)
spawned uWSGI worker 9 (pid: 27099, cores: 1)
spawned uWSGI worker 10 (pid: 27100, cores: 1)
15/Mar/2022:17:53:18 +0000 (HTTP/1.1 200) GET /admin/ from 192.168.1.100 in 0.071720s @worker_id=1
announcing my loyalty to the Emperor...
15/Mar/2022:17:53:21 +0000 (HTTP/1.1 200) GET /admin/logout/ from 192.168.1.100 in 0.060252s @worker_id=9
announcing my loyalty to the Emperor...
15/Mar/2022:17:53:23 +0000 (HTTP/1.1 302) GET /admin/ from 192.168.1.100 in 0.002195s @worker_id=1
15/Mar/2022:17:53:23 +0000 (HTTP/1.1 200) GET /admin/login/?next=/admin/ from 192.168.1.100 in 0.047170s @worker_id=10
announcing my loyalty to the Emperor...
15/Mar/2022:17:53:38 +0000 (HTTP/1.1 200) GET / from 192.168.1.100 in 0.001930s @worker_id=1
*** Starting uWSGI 2.0.20 (64bit) on [Wed Mar 16 18:09:18 2022] ***
compiled with version: 9.4.0 on 14 March 2022 18:33:10
os: Linux-5.13.0-35-generic #40~20.04.1-Ubuntu SMP Mon Mar 7 09:18:32 UTC 2022
nodename: ubuntuserver
machine: x86_64
clock source: unix
detected number of CPU cores: 1
current working directory: /home/ubuntu/env/md/vassals
detected binary path: /home/ubuntu/env/md/bin/uwsgi
!!! no internal routing support, rebuild with pcre support !!!
chdir() to /home/ubuntu/app/
your processes number limit is 23051
your memory page size is 4096 bytes
detected max file descriptor number: 1024
lock engine: pthread robust mutexes
thunder lock: disabled (you can enable it with --thunder-lock)
uwsgi socket 0 bound to UNIX address /home/ubuntu/app/app.sock fd 7
Python version: 3.8.10 (default, Nov 26 2021, 20:14:08)  [GCC 9.3.0]
PEP 405 virtualenv detected: /home/ubuntu/env/md
Set PythonHome to /home/ubuntu/env/md
*** Python threads support is disabled. You can enable it with --enable-threads ***
Python main interpreter initialized at 0x556ef4d3ecc0
your server socket listen backlog is limited to 100 connections
your mercy for graceful operations on workers is 60 seconds
mapped 801944 bytes (783 KB) for 10 cores
*** Operational MODE: preforking ***
WSGI app 0 (mountpoint='') ready in 2 seconds on interpreter 0x556ef4d3ecc0 pid: 718 (default app)
*** uWSGI is running in multiple interpreter mode ***
spawned uWSGI master process (pid: 718)
spawned uWSGI worker 1 (pid: 924, cores: 1)
spawned uWSGI worker 2 (pid: 925, cores: 1)
spawned uWSGI worker 3 (pid: 926, cores: 1)
spawned uWSGI worker 4 (pid: 927, cores: 1)
spawned uWSGI worker 5 (pid: 928, cores: 1)
spawned uWSGI worker 6 (pid: 929, cores: 1)
spawned uWSGI worker 7 (pid: 930, cores: 1)
spawned uWSGI worker 8 (pid: 932, cores: 1)
spawned uWSGI worker 9 (pid: 933, cores: 1)
spawned uWSGI worker 10 (pid: 937, cores: 1)
16/Mar/2022:17:10:57 +0000 (HTTP/1.1 200) GET / from 192.168.1.100 in 0.013066s @worker_id=8
announcing my loyalty to the Emperor...
Not Found: /favicon.ico
16/Mar/2022:17:10:57 +0000 (HTTP/1.1 404) GET /favicon.ico from 192.168.1.100 in 0.022468s @worker_id=10
announcing my loyalty to the Emperor...
16/Mar/2022:17:10:59 +0000 (HTTP/1.1 200) GET / from 192.168.1.100 in 0.014110s @worker_id=9
announcing my loyalty to the Emperor...
16/Mar/2022:17:12:19 +0000 (HTTP/1.1 200) GET / from 192.168.1.100 in 0.002046s @worker_id=10
16/Mar/2022:17:18:18 +0000 (HTTP/1.1 200) GET / from 192.168.1.100 in 0.001619s @worker_id=10
Not Found: /favicon.ico
16/Mar/2022:17:40:17 +0000 (HTTP/1.1 404) GET /favicon.ico from 192.168.1.100 in 0.002927s @worker_id=10
16/Mar/2022:17:40:26 +0000 (HTTP/1.1 200) GET / from 192.168.1.100 in 0.001754s @worker_id=9
16/Mar/2022:17:41:48 +0000 (HTTP/1.1 200) GET / from 192.168.1.100 in 0.001464s @worker_id=10
16/Mar/2022:17:42:46 +0000 (HTTP/1.1 200) GET / from 192.168.1.100 in 0.001797s @worker_id=10
16/Mar/2022:17:42:55 +0000 (HTTP/1.1 200) GET / from 192.168.1.100 in 0.001461s @worker_id=9
